<?xml version="1.0" encoding="UTF-8" ?>
<testsuite tests="11" failures="0" name="runners.TestRunner" time="55.373" errors="0" skipped="0">
  <properties>
[...]
</properties>
  <testcase classname="Registration Feature" name="[NEGATIVE] As a user, I want to fill Cermati Registration page with filling invalid phone, invalid email, invalid first name, and invalid last name" time="4.55"/>
  <testcase classname="Registration Feature" name="[NEGATIVE] As a user, I want to fill Cermati Registration page with filling valid phone, invalid email, invalid first name, and invalid last name" time="4.148"/>
  <testcase classname="Registration Feature" name="[NEGATIVE] As a user, I want to fill Cermati Registration page with filling valid phone, valid email, invalid first name, and invalid last name" time="4.069"/>
  <testcase classname="Registration Feature" name="[NEGATIVE] As a user, I want to fill Cermati Registration page with filling valid phone, valid email, valid first name, and invalid last name" time="4.077"/>
  <testcase classname="Registration Feature" name="[NEGATIVE] As a user, I want to fill Cermati Registration page with all valid but name characters count more than 100," time="4.313"/>
  <testcase classname="Registration Feature" name="[NEGATIVE] As a user, I want to fill Cermati Registration page with filling invalid phone (not starting with 08), valid email, valid first name, and valid last name" time="4.072"/>
  <testcase classname="Registration Feature" name="[NEGATIVE] As a user, I want to fill Cermati Registration page with filling valid phone, invalid email (without using @), valid first name, and valid last name #1" time="4.194"/>
  <testcase classname="Registration Feature" name="[NEGATIVE] As a user, I want to fill Cermati Registration page with filling valid phone, invalid email (without using @), valid first name, and valid last name #2" time="4.076"/>
  <testcase classname="Registration Feature" name="[POSITIVE] As a user, I want to be able to click TnC Syarat dan Ketentuan" time="3.845"/>
  <testcase classname="Registration Feature" name="[POSITIVE] As a user, I want to be able to click TnC Kebijakan Privasi" time="3.857"/>
  <testcase classname="Registration Feature" name="[POSITIVE] As a user, I want to register in Cermati page" time="14.172"/>
</testsuite>